<?xml version="1.0" encoding="UTF-8"?>
<testng-results ignored="0" total="1" passed="1" failed="0" skipped="0">
  <reporter-output>
  </reporter-output>
  <suite started-at="2024-06-06T18:02:03 IST" name="Default suite" finished-at="2024-06-06T18:02:17 IST" duration-ms="13849">
    <groups>
    </groups>
    <test started-at="2024-06-06T18:02:03 IST" name="Default test" finished-at="2024-06-06T18:02:17 IST" duration-ms="13849">
      <class name="apiumlearning.agr.AppiumBasics">
        <test-method is-config="true" signature="ConfugureAppiumServer()[pri:0, instance:apiumlearning.agr.AppiumBasics@7bd4937b]" started-at="2024-06-06T18:02:03 IST" name="ConfugureAppiumServer" finished-at="2024-06-06T18:02:08 IST" duration-ms="4223" status="PASS">
          <reporter-output>
          </reporter-output>
        </test-method> <!-- ConfugureAppiumServer -->
        <test-method signature="SetWifiName()[pri:0, instance:apiumlearning.agr.AppiumBasics@7bd4937b]" started-at="2024-06-06T18:02:08 IST" name="SetWifiName" finished-at="2024-06-06T18:02:17 IST" duration-ms="9612" status="PASS">
          <reporter-output>
          </reporter-output>
        </test-method> <!-- SetWifiName -->
        <test-method is-config="true" signature="StopServer()[pri:0, instance:apiumlearning.agr.AppiumBasics@7bd4937b]" started-at="2024-06-06T18:02:17 IST" name="StopServer" finished-at="2024-06-06T18:02:17 IST" duration-ms="0" status="PASS">
          <reporter-output>
          </reporter-output>
        </test-method> <!-- StopServer -->
      </class> <!-- apiumlearning.agr.AppiumBasics -->
    </test> <!-- Default test -->
  </suite> <!-- Default suite -->
</testng-results>
